<?xml version="1.0" encoding="UTF-8"?>
<!-- Generated by org.testng.reporters.JUnitXMLReporter -->
<testsuite hostname="LT062371" name="Command line test" tests="6" failures="0" timestamp="7 Oct 2019 15:19:31 GMT" time="0.031" errors="0">
  <testcase name="Kanpur" time="0.008" classname="google.AppiumTest"/>
  <testcase name="Mumbai" time="0.0" classname="google.AppiumTest"/>
  <testcase name="Monday" time="0.001" classname="google.RestAssuredTest"/>
  <testcase name="Tuesday" time="0.0" classname="google.RestAssuredTest"/>
  <testcase name="April" time="0.0" classname="google.SeleniumTest"/>
  <testcase name="March" time="0.0" classname="google.SeleniumTest"/>
</testsuite> <!-- Command line test -->
