<?xml version="1.0" encoding="UTF-8"?>
<!-- Generated by org.testng.reporters.JUnitXMLReporter -->
<testsuite hostname="LT062371" name="Test" tests="4" failures="0" timestamp="7 Oct 2019 19:05:42 GMT" time="0.028" errors="0">
  <testcase name="April" time="0.011" classname="google.SeleniumTest"/>
  <testcase name="March" time="0.0" classname="google.SeleniumTest"/>
  <testcase name="Monday" time="0.0" classname="google.RestAssuredTest"/>
  <testcase name="Tuesday" time="0.0" classname="google.RestAssuredTest"/>
</testsuite> <!-- Test -->
