<?xml version="1.0" encoding="UTF-8"?>
<testng-results skipped="0" failed="0" total="4" passed="4">
  <reporter-output>
  </reporter-output>
  <suite name="Suite" duration-ms="32" started-at="2019-10-07T18:33:37Z" finished-at="2019-10-07T18:33:37Z">
    <groups>
    </groups>
    <test name="Test" duration-ms="32" started-at="2019-10-07T18:33:37Z" finished-at="2019-10-07T18:33:37Z">
      <class name="google.RestAssuredTest">
        <test-method status="PASS" signature="Monday()[pri:0, instance:google.RestAssuredTest@6276ae34]" name="Monday" duration-ms="0" started-at="2019-10-08T00:03:37Z" finished-at="2019-10-08T00:03:37Z">
          <reporter-output>
          </reporter-output>
        </test-method> <!-- Monday -->
        <test-method status="PASS" signature="Tuesday()[pri:0, instance:google.RestAssuredTest@6276ae34]" name="Tuesday" duration-ms="0" started-at="2019-10-08T00:03:37Z" finished-at="2019-10-08T00:03:37Z">
          <reporter-output>
          </reporter-output>
        </test-method> <!-- Tuesday -->
      </class> <!-- google.RestAssuredTest -->
      <class name="google.SeleniumTest">
        <test-method status="PASS" signature="April()[pri:0, instance:google.SeleniumTest@59e84876]" name="April" duration-ms="10" started-at="2019-10-08T00:03:37Z" finished-at="2019-10-08T00:03:37Z">
          <reporter-output>
          </reporter-output>
        </test-method> <!-- April -->
        <test-method status="PASS" signature="March()[pri:0, instance:google.SeleniumTest@59e84876]" name="March" duration-ms="0" started-at="2019-10-08T00:03:37Z" finished-at="2019-10-08T00:03:37Z">
          <reporter-output>
          </reporter-output>
        </test-method> <!-- March -->
      </class> <!-- google.SeleniumTest -->
    </test> <!-- Test -->
  </suite> <!-- Suite -->
</testng-results>
