<?xml version="1.0" encoding="UTF-8"?>
<testng-results skipped="0" failed="0" total="2" passed="2">
  <reporter-output>
  </reporter-output>
  <suite name="Default suite" duration-ms="59" started-at="2019-10-06T17:18:18Z" finished-at="2019-10-06T17:18:18Z">
    <groups>
    </groups>
    <test name="Default test" duration-ms="59" started-at="2019-10-06T17:18:18Z" finished-at="2019-10-06T17:18:18Z">
      <class name="google.SeleniumTest">
        <test-method status="PASS" signature="April()[pri:0, instance:google.SeleniumTest@5e3a8624]" name="April" duration-ms="21" started-at="2019-10-06T22:48:18Z" finished-at="2019-10-06T22:48:18Z">
          <reporter-output>
          </reporter-output>
        </test-method> <!-- April -->
        <test-method status="PASS" signature="March()[pri:0, instance:google.SeleniumTest@5e3a8624]" name="March" duration-ms="1" started-at="2019-10-06T22:48:18Z" finished-at="2019-10-06T22:48:18Z">
          <reporter-output>
          </reporter-output>
        </test-method> <!-- March -->
      </class> <!-- google.SeleniumTest -->
    </test> <!-- Default test -->
  </suite> <!-- Default suite -->
</testng-results>
